<?xml version="1.0" encoding="UTF-8"?>
<testng-results ignored="0" total="2" passed="2" failed="0" skipped="0">
  <reporter-output>
  </reporter-output>
  <suite started-at="2022-11-17T10:14:09 IST" name="Suite" finished-at="2022-11-17T10:14:19 IST" duration-ms="10616">
    <groups>
    </groups>
    <test started-at="2022-11-17T10:14:09 IST" name="Test" finished-at="2022-11-17T10:14:19 IST" duration-ms="10616">
      <class name="practice.itera_site">
        <test-method is-config="true" signature="opening()[pri:0, instance:practice.itera_site@2f8dad04]" started-at="2022-11-17T10:14:09 IST" name="opening" finished-at="2022-11-17T10:14:15 IST" duration-ms="5917" status="PASS">
          <reporter-output>
          </reporter-output>
        </test-method> <!-- opening -->
        <test-method signature="form_filling()[pri:0, instance:practice.itera_site@2f8dad04]" started-at="2022-11-17T10:14:15 IST" name="form_filling" finished-at="2022-11-17T10:14:17 IST" duration-ms="2438" status="PASS">
          <reporter-output>
          </reporter-output>
        </test-method> <!-- form_filling -->
        <test-method signature="submit()[pri:0, instance:practice.itera_site@2f8dad04]" started-at="2022-11-17T10:14:17 IST" name="submit" finished-at="2022-11-17T10:14:19 IST" duration-ms="2049" status="PASS">
          <reporter-output>
          </reporter-output>
        </test-method> <!-- submit -->
        <test-method is-config="true" signature="close1()[pri:0, instance:practice.itera_site@2f8dad04]" started-at="2022-11-17T10:14:19 IST" name="close1" finished-at="2022-11-17T10:14:19 IST" duration-ms="175" status="PASS">
          <reporter-output>
          </reporter-output>
        </test-method> <!-- close1 -->
      </class> <!-- practice.itera_site -->
    </test> <!-- Test -->
  </suite> <!-- Suite -->
</testng-results>
