<?xml version="1.0" encoding="UTF-8"?>
<testng-results ignored="0" total="0" passed="0" failed="0" skipped="0">
  <reporter-output>
  </reporter-output>
  <suite started-at="2022-11-14T17:27:10Z" name="stepDefinition.TestRunner" finished-at="2022-11-14T17:27:10Z" duration-ms="3">
    <groups>
    </groups>
    <test started-at="2022-11-14T17:27:10Z" name="Command line test" finished-at="2022-11-14T17:27:10Z" duration-ms="3">
    </test> <!-- Command line test -->
  </suite> <!-- stepDefinition.TestRunner -->
</testng-results>
