<?xml version="1.0" encoding="UTF-8"?>
<!-- Generated by org.testng.reporters.JUnitXMLReporter -->
<testsuite ignored="2" hostname="LAPTOP-N1SBFKLQ" failures="0" tests="4" name="Default test" time="0.075" errors="0" timestamp="2022-11-10T23:02:40 IST">
  <testcase classname="packageNG.program1" name="opening_delivery" time="0.01"/>
  <testcase classname="packageNG.program1" name="paymentdetails" time="0.003"/>
  <testcase classname="packageNG.program1" name="customer_details" time="0.004"/>
  <testcase classname="packageNG.program1" name="productdetils" time="0.002"/>
  <testcase classname="packageNG.program1" name="logoff" time="0.0">
    <ignored/>
  </testcase> <!-- logoff -->
  <testcase classname="packageNG.program1" name="feedback" time="0.0">
    <ignored/>
  </testcase> <!-- feedback -->
</testsuite> <!-- Default test -->
